#
# There is insufficient memory for the Java Runtime Environment to continue.
# Native memory allocation (malloc) failed to allocate 2274416 bytes for Chunk::new
# Possible reasons:
#   The system is out of physical RAM or swap space
#   The process is running with CompressedOops enabled, and the Java Heap may be blocking the growth of the native heap
# Possible solutions:
#   Reduce memory load on the system
#   Increase physical memory or swap space
#   Check if swap backing store is full
#   Decrease Java heap size (-Xmx/-Xms)
#   Decrease number of Java threads
#   Decrease Java thread stack sizes (-Xss)
#   Set larger code cache with -XX:ReservedCodeCacheSize=
#   JVM is running with Unscaled Compressed Oops mode in which the Java heap is
#     placed in the first 4GB address space. The Java Heap base address is the
#     maximum limit for the native heap growth. Please use -XX:HeapBaseMinAddress
#     to set the Java Heap base and to place the Java Heap above 4GB virtual address.
# This output file may be truncated or incomplete.
#
#  Out of Memory Error (allocation.cpp:389), pid=5016, tid=0x0000000000003b14
#
# JRE version: OpenJDK Runtime Environment (8.0_202-b03) (build 1.8.0_202-release-1483-b03)
# Java VM: OpenJDK 64-Bit Server VM (25.202-b03 mixed mode windows-amd64 compressed oops)
# Failed to write core dump. Minidumps are not enabled by default on client versions of Windows
#

---------------  T H R E A D  ---------------

Current thread (0x0000000016a4e000):  JavaThread "C2 CompilerThread0" daemon [_thread_in_native, id=15124, stack(0x0000000018440000,0x0000000018540000)]

Stack: [0x0000000018440000,0x0000000018540000]
[error occurred during error reporting (printing stack bounds), id 0xc0000005]

Native frames: (J=compiled Java code, j=interpreted, Vv=VM code, C=native code)


Current CompileTask:
C2: 233160 14679 %     4       org.objectweb.asm.ClassReader::readCode @ 1446 (3575 bytes)


---------------  P R O C E S S  ---------------

Java Threads: ( => current thread )
  0x000000001fea1000 JavaThread "Cache worker for execution history cache (C:\Users\user\AndroidStudioProjects\NT_Project02\.gradle\5.4.1\executionHistory)" [_thread_blocked, id=7580, stack(0x0000000028490000,0x0000000028590000)]
  0x000000001fe9e800 JavaThread "Execution worker for ':' Thread 3" [_thread_blocked, id=11268, stack(0x0000000028390000,0x0000000028490000)]
  0x000000001fe9e000 JavaThread "Execution worker for ':' Thread 2" [_thread_in_native, id=10136, stack(0x0000000028290000,0x0000000028390000)]
  0x000000001fe9c800 JavaThread "Execution worker for ':'" [_thread_blocked, id=14516, stack(0x0000000028190000,0x0000000028290000)]
  0x000000001fe99800 JavaThread "Cache worker for Build Output Cleanup Cache (C:\Users\user\AndroidStudioProjects\NT_Project02\.gradle\buildOutputCleanup)" [_thread_blocked, id=11344, stack(0x0000000025f90000,0x0000000026090000)]
  0x000000001fe98800 JavaThread "Build operations Thread 4" [_thread_blocked, id=2332, stack(0x0000000025e90000,0x0000000025f90000)]
  0x00000000192f8800 JavaThread "Build operations Thread 3" [_thread_blocked, id=2392, stack(0x0000000025d90000,0x0000000025e90000)]
  0x000000001b95f800 JavaThread "Build operations Thread 2" [_thread_blocked, id=14400, stack(0x0000000025990000,0x0000000025a90000)]
  0x00000000192fc800 JavaThread "Build operations" [_thread_blocked, id=15444, stack(0x0000000025890000,0x0000000025990000)]
  0x000000001b95e800 JavaThread "Cache worker for cache directory md-rule (C:\Users\user\.gradle\caches\5.4.1\md-rule)" [_thread_blocked, id=15660, stack(0x0000000025790000,0x0000000025890000)]
  0x000000001b95d000 JavaThread "Cache worker for cache directory md-supplier (C:\Users\user\.gradle\caches\5.4.1\md-supplier)" [_thread_blocked, id=9836, stack(0x0000000025690000,0x0000000025790000)]
  0x000000001b95c800 JavaThread "Cache worker for file hash cache (C:\Users\user\AndroidStudioProjects\NT_Project02\.gradle\5.4.1\fileHashes)" [_thread_blocked, id=5636, stack(0x0000000025590000,0x0000000025690000)]
  0x000000001b953800 JavaThread "Thread-32" [_thread_blocked, id=13112, stack(0x0000000025490000,0x0000000025590000)]
  0x000000001b955800 JavaThread "Asynchronous log dispatcher for DefaultDaemonConnection: socket connection from /127.0.0.1:65178 to /127.0.0.1:65197" [_thread_blocked, id=16900, stack(0x0000000025290000,0x0000000025390000)]
  0x000000001b958800 JavaThread "Daemon worker Thread 2" [_thread_in_native, id=6468, stack(0x0000000025190000,0x0000000025290000)]
  0x000000001b951000 JavaThread "Cancel handler" [_thread_blocked, id=15128, stack(0x0000000025090000,0x0000000025190000)]
  0x000000001b955000 JavaThread "Handler for socket connection from /127.0.0.1:65178 to /127.0.0.1:65197" [_thread_in_native, id=10780, stack(0x0000000024f90000,0x0000000025090000)]
  0x000000001b956800 JavaThread "Daemon Thread 2" [_thread_blocked, id=9160, stack(0x0000000024e90000,0x0000000024f90000)]
  0x000000001b95a000 JavaThread "Memory manager" [_thread_blocked, id=14112, stack(0x0000000022b70000,0x0000000022c70000)]
  0x000000001b950800 JavaThread "Cache worker for execution history cache (C:\Users\user\.gradle\caches\5.4.1\executionHistory)" [_thread_blocked, id=13876, stack(0x0000000021770000,0x0000000021870000)]
  0x00000000192f6000 JavaThread "Cache worker for journal cache (C:\Users\user\.gradle\caches\journal-1)" [_thread_blocked, id=16600, stack(0x000000001b410000,0x000000001b510000)]
  0x00000000192f7000 JavaThread "File lock request listener" [_thread_in_native, id=14280, stack(0x000000001b110000,0x000000001b210000)]
  0x00000000192fd000 JavaThread "Cache worker for file hash cache (C:\Users\user\.gradle\caches\5.4.1\fileHashes)" [_thread_blocked, id=14556, stack(0x000000001b010000,0x000000001b110000)]
  0x0000000018a86800 JavaThread "Daemon periodic checks" [_thread_in_native, id=4824, stack(0x000000001a610000,0x000000001a710000)]
  0x0000000018aab000 JavaThread "Incoming local TCP Connector on port 65178" [_thread_in_native, id=9280, stack(0x000000001a430000,0x000000001a530000)]
  0x0000000019a88800 JavaThread "Daemon health stats" [_thread_blocked, id=15308, stack(0x000000001a110000,0x000000001a210000)]
  0x0000000017e78000 JavaThread "Service Thread" daemon [_thread_blocked, id=14692, stack(0x0000000018740000,0x0000000018840000)]
  0x0000000017e4c800 JavaThread "C1 CompilerThread2" daemon [_thread_blocked, id=9916, stack(0x0000000018640000,0x0000000018740000)]
  0x0000000016a9c800 JavaThread "C2 CompilerThread1" daemon [_thread_in_native, id=10532, stack(0x0000000018540000,0x0000000018640000)]
=>0x0000000016a4e000 JavaThread "C2 CompilerThread0" daemon [_thread_in_native, id=15124, stack(0x0000000018440000,0x0000000018540000)]
  0x0000000016a4d000 JavaThread "Attach Listener" daemon [_thread_blocked, id=5012, stack(0x0000000018340000,0x0000000018440000)]
  0x0000000017e48800 JavaThread "Signal Dispatcher" daemon [_thread_blocked, id=14252, stack(0x0000000018240000,0x0000000018340000)]
  0x000000000309c000 JavaThread "Finalizer" daemon [_thread_blocked, id=14324, stack(0x0000000017ca0000,0x0000000017da0000)]
  0x0000000003093000 JavaThread "Reference Handler" daemon [_thread_blocked, id=15860, stack(0x0000000017ba0000,0x0000000017ca0000)]
  0x0000000002e6d800 JavaThread "main" [_thread_blocked, id=7856, stack(0x0000000002e90000,0x0000000002f90000)]

Other Threads:
  0x0000000016a06000 VMThread [stack: 0x0000000017aa0000,0x0000000017ba0000] [id=9412]
  0x0000000017e78800 WatcherThread [stack: 0x0000000018840000,0x0000000018940000] [id=6676]

VM state:not at safepoint (normal execution)

VM Mutex/Monitor currently owned by a thread: None

heap address: 0x00000000a0000000, size: 1536 MB, Compressed Oops mode: 32-bit
Narrow klass base: 0x0000000000000000, Narrow klass shift: 3
Compressed class space size: 1073741824 Address: 0x0000000100000000

Heap:
 PSYoungGen      total 339456K, used 40383K [0x00000000e0000000, 0x00000000f7d00000, 0x0000000100000000)
  eden space 302080K, 13% used [0x00000000e0000000,0x00000000e276fe98,0x00000000f2700000)
  from space 37376K, 0% used [0x00000000f5880000,0x00000000f5880000,0x00000000f7d00000)
  to   space 38400K, 0% used [0x00000000f3300000,0x00000000f3300000,0x00000000f5880000)
 ParOldGen       total 122368K, used 83107K [0x00000000a0000000, 0x00000000a7780000, 0x00000000e0000000)
  object space 122368K, 67% used [0x00000000a0000000,0x00000000a5128e90,0x00000000a7780000)
 Metaspace       used 94623K, capacity 98382K, committed 98764K, reserved 1134592K
  class space    used 12109K, capacity 12914K, committed 13056K, reserved 1048576K

Card table byte_map: [0x0000000012470000,0x0000000012780000] byte_map_base: 0x0000000011f70000

Marking Bits: (ParMarkBitMap*) 0x0000000068ac9f30
 Begin Bits: [0x0000000012d80000, 0x0000000014580000)
 End Bits:   [0x0000000014580000, 0x0000000015d80000)

Polling page: 0x0000000002e50000

CodeCache: size=245760Kb used=41291Kb max_used=43825Kb free=204468Kb
 bounds [0x00000000030b0000, 0x0000000005bd0000, 0x00000000120b0000]
 total_blobs=12794 nmethods=11920 adapters=786
 compilation: enabled

Compilation events (10 events):
Event: 233.115 Thread 0x0000000017e4c800 14715       3       org.gradle.api.internal.artifacts.transform.TransformationStep::getDisplayName (10 bytes)
Event: 233.116 Thread 0x0000000017e4c800 nmethod 14715 0x0000000003f9fcd0 code [0x0000000003f9fe40, 0x0000000003fa0068]
Event: 233.132 Thread 0x0000000016a9c800 nmethod 14682 0x000000000536d750 code [0x000000000536d9e0, 0x000000000536ff68]
Event: 233.134 Thread 0x0000000016a9c800 14704       4       java.util.ArrayDeque::addFirst (53 bytes)
Event: 233.136 Thread 0x0000000016a9c800 nmethod 14704 0x0000000003ad57d0 code [0x0000000003ad5920, 0x0000000003ad5a48]
Event: 233.137 Thread 0x0000000017e4c800 14716       3       org.objectweb.asm.MethodWriter::visitIincInsn (135 bytes)
Event: 233.137 Thread 0x0000000017e4c800 nmethod 14716 0x0000000003272810 code [0x00000000032729e0, 0x0000000003272fd8]
Event: 233.139 Thread 0x0000000016a9c800 14718   !   4       org.gradle.internal.event.DefaultListenerManager$EventBroadcast$ListenerDispatch::dispatch (55 bytes)
Event: 233.145 Thread 0x0000000017e4c800 14722       3       org.objectweb.asm.AnnotationWriter::visitEnum (63 bytes)
Event: 233.146 Thread 0x0000000017e4c800 nmethod 14722 0x000000000544c4d0 code [0x000000000544c6a0, 0x000000000544ca58]

GC Heap History (10 events):
Event: 174.422 GC heap before
{Heap before GC invocations=24 (full 3):
 PSYoungGen      total 328192K, used 317597K [0x00000000e0000000, 0x00000000f6900000, 0x0000000100000000)
  eden space 293888K, 100% used [0x00000000e0000000,0x00000000f1f00000,0x00000000f1f00000)
  from space 34304K, 69% used [0x00000000f4200000,0x00000000f5927790,0x00000000f6380000)
  to   space 35840K, 0% used [0x00000000f1f00000,0x00000000f1f00000,0x00000000f4200000)
 ParOldGen       total 122368K, used 48392K [0x00000000a0000000, 0x00000000a7780000, 0x00000000e0000000)
  object space 122368K, 39% used [0x00000000a0000000,0x00000000a2f420c0,0x00000000a7780000)
 Metaspace       used 92227K, capacity 95542K, committed 95832K, reserved 1132544K
  class space    used 11905K, capacity 12611K, committed 12672K, reserved 1048576K
Event: 174.439 GC heap after
Heap after GC invocations=24 (full 3):
 PSYoungGen      total 329728K, used 26732K [0x00000000e0000000, 0x00000000f8100000, 0x0000000100000000)
  eden space 293888K, 0% used [0x00000000e0000000,0x00000000e0000000,0x00000000f1f00000)
  from space 35840K, 74% used [0x00000000f1f00000,0x00000000f391b348,0x00000000f4200000)
  to   space 37888K, 0% used [0x00000000f5c00000,0x00000000f5c00000,0x00000000f8100000)
 ParOldGen       total 122368K, used 48400K [0x00000000a0000000, 0x00000000a7780000, 0x00000000e0000000)
  object space 122368K, 39% used [0x00000000a0000000,0x00000000a2f440c0,0x00000000a7780000)
 Metaspace       used 92227K, capacity 95542K, committed 95832K, reserved 1132544K
  class space    used 11905K, capacity 12611K, committed 12672K, reserved 1048576K
}
Event: 191.855 GC heap before
{Heap before GC invocations=25 (full 3):
 PSYoungGen      total 329728K, used 320620K [0x00000000e0000000, 0x00000000f8100000, 0x0000000100000000)
  eden space 293888K, 100% used [0x00000000e0000000,0x00000000f1f00000,0x00000000f1f00000)
  from space 35840K, 74% used [0x00000000f1f00000,0x00000000f391b348,0x00000000f4200000)
  to   space 37888K, 0% used [0x00000000f5c00000,0x00000000f5c00000,0x00000000f8100000)
 ParOldGen       total 122368K, used 48400K [0x00000000a0000000, 0x00000000a7780000, 0x00000000e0000000)
  object space 122368K, 39% used [0x00000000a0000000,0x00000000a2f440c0,0x00000000a7780000)
 Metaspace       used 92632K, capacity 96078K, committed 96216K, reserved 1132544K
  class space    used 11928K, capacity 12679K, committed 12800K, reserved 1048576K
Event: 191.880 GC heap after
Heap after GC invocations=25 (full 3):
 PSYoungGen      total 349184K, used 24404K [0x00000000e0000000, 0x00000000f7e00000, 0x0000000100000000)
  eden space 314368K, 0% used [0x00000000e0000000,0x00000000e0000000,0x00000000f3300000)
  from space 34816K, 70% used [0x00000000f5c00000,0x00000000f73d5368,0x00000000f7e00000)
  to   space 38400K, 0% used [0x00000000f3300000,0x00000000f3300000,0x00000000f5880000)
 ParOldGen       total 122368K, used 48408K [0x00000000a0000000, 0x00000000a7780000, 0x00000000e0000000)
  object space 122368K, 39% used [0x00000000a0000000,0x00000000a2f460c0,0x00000000a7780000)
 Metaspace       used 92632K, capacity 96078K, committed 96216K, reserved 1132544K
  class space    used 11928K, capacity 12679K, committed 12800K, reserved 1048576K
}
Event: 230.655 GC heap before
{Heap before GC invocations=26 (full 3):
 PSYoungGen      total 349184K, used 338772K [0x00000000e0000000, 0x00000000f7e00000, 0x0000000100000000)
  eden space 314368K, 100% used [0x00000000e0000000,0x00000000f3300000,0x00000000f3300000)
  from space 34816K, 70% used [0x00000000f5c00000,0x00000000f73d5368,0x00000000f7e00000)
  to   space 38400K, 0% used [0x00000000f3300000,0x00000000f3300000,0x00000000f5880000)
 ParOldGen       total 122368K, used 48408K [0x00000000a0000000, 0x00000000a7780000, 0x00000000e0000000)
  object space 122368K, 39% used [0x00000000a0000000,0x00000000a2f460c0,0x00000000a7780000)
 Metaspace       used 93408K, capacity 96918K, committed 97240K, reserved 1134592K
  class space    used 11979K, capacity 12737K, committed 12800K, reserved 1048576K
Event: 230.691 GC heap after
Heap after GC invocations=26 (full 3):
 PSYoungGen      total 340480K, used 38320K [0x00000000e0000000, 0x00000000f7d00000, 0x0000000100000000)
  eden space 302080K, 0% used [0x00000000e0000000,0x00000000e0000000,0x00000000f2700000)
  from space 38400K, 99% used [0x00000000f3300000,0x00000000f586c340,0x00000000f5880000)
  to   space 37376K, 0% used [0x00000000f5880000,0x00000000f5880000,0x00000000f7d00000)
 ParOldGen       total 122368K, used 48416K [0x00000000a0000000, 0x00000000a7780000, 0x00000000e0000000)
  object space 122368K, 39% used [0x00000000a0000000,0x00000000a2f480c0,0x00000000a7780000)
 Metaspace       used 93408K, capacity 96918K, committed 97240K, reserved 1134592K
  class space    used 11979K, capacity 12737K, committed 12800K, reserved 1048576K
}
Event: 232.711 GC heap before
{Heap before GC invocations=27 (full 3):
 PSYoungGen      total 340480K, used 134225K [0x00000000e0000000, 0x00000000f7d00000, 0x0000000100000000)
  eden space 302080K, 31% used [0x00000000e0000000,0x00000000e5da8218,0x00000000f2700000)
  from space 38400K, 99% used [0x00000000f3300000,0x00000000f586c340,0x00000000f5880000)
  to   space 37376K, 0% used [0x00000000f5880000,0x00000000f5880000,0x00000000f7d00000)
 ParOldGen       total 122368K, used 48416K [0x00000000a0000000, 0x00000000a7780000, 0x00000000e0000000)
  object space 122368K, 39% used [0x00000000a0000000,0x00000000a2f480c0,0x00000000a7780000)
 Metaspace       used 94508K, capacity 98294K, committed 98380K, reserved 1134592K
  class space    used 12104K, capacity 12905K, committed 12928K, reserved 1048576K
Event: 232.759 GC heap after
Heap after GC invocations=27 (full 3):
 PSYoungGen      total 339456K, used 37370K [0x00000000e0000000, 0x00000000f7d00000, 0x0000000100000000)
  eden space 302080K, 0% used [0x00000000e0000000,0x00000000e0000000,0x00000000f2700000)
  from space 37376K, 99% used [0x00000000f5880000,0x00000000f7cfeba0,0x00000000f7d00000)
  to   space 38400K, 0% used [0x00000000f3300000,0x00000000f3300000,0x00000000f5880000)
 ParOldGen       total 122368K, used 59829K [0x00000000a0000000, 0x00000000a7780000, 0x00000000e0000000)
  object space 122368K, 48% used [0x00000000a0000000,0x00000000a3a6d628,0x00000000a7780000)
 Metaspace       used 94508K, capacity 98294K, committed 98380K, reserved 1134592K
  class space    used 12104K, capacity 12905K, committed 12928K, reserved 1048576K
}
Event: 232.759 GC heap before
{Heap before GC invocations=28 (full 4):
 PSYoungGen      total 339456K, used 37370K [0x00000000e0000000, 0x00000000f7d00000, 0x0000000100000000)
  eden space 302080K, 0% used [0x00000000e0000000,0x00000000e0000000,0x00000000f2700000)
  from space 37376K, 99% used [0x00000000f5880000,0x00000000f7cfeba0,0x00000000f7d00000)
  to   space 38400K, 0% used [0x00000000f3300000,0x00000000f3300000,0x00000000f5880000)
 ParOldGen       total 122368K, used 59829K [0x00000000a0000000, 0x00000000a7780000, 0x00000000e0000000)
  object space 122368K, 48% used [0x00000000a0000000,0x00000000a3a6d628,0x00000000a7780000)
 Metaspace       used 94508K, capacity 98294K, committed 98380K, reserved 1134592K
  class space    used 12104K, capacity 12905K, committed 12928K, reserved 1048576K
Event: 233.064 GC heap after
Heap after GC invocations=28 (full 4):
 PSYoungGen      total 339456K, used 0K [0x00000000e0000000, 0x00000000f7d00000, 0x0000000100000000)
  eden space 302080K, 0% used [0x00000000e0000000,0x00000000e0000000,0x00000000f2700000)
  from space 37376K, 0% used [0x00000000f5880000,0x00000000f5880000,0x00000000f7d00000)
  to   space 38400K, 0% used [0x00000000f3300000,0x00000000f3300000,0x00000000f5880000)
 ParOldGen       total 122368K, used 83107K [0x00000000a0000000, 0x00000000a7780000, 0x00000000e0000000)
  object space 122368K, 67% used [0x00000000a0000000,0x00000000a5128e90,0x00000000a7780000)
 Metaspace       used 94446K, capacity 98158K, committed 98380K, reserved 1134592K
  class space    used 12086K, capacity 12882K, committed 12928K, reserved 1048576K
}

Deoptimization events (10 events):
Event: 232.148 Thread 0x000000001fe9e000 Uncommon trap: reason=unstable_if action=reinterpret pc=0x000000000505cfa4 method=com.google.common.cache.LocalCache$Segment.evictEntries(Lcom/google/common/cache/ReferenceEntry;)V @ 69
Event: 232.148 Thread 0x000000001fe9e000 Uncommon trap: reason=unstable_if action=reinterpret pc=0x00000000053a32a4 method=org.gradle.cache.internal.LoggingEvictionListener.onRemoval(Lcom/google/common/cache/RemovalNotification;)V @ 7
Event: 232.434 Thread 0x000000001fe9c800 Uncommon trap: reason=unstable_if action=reinterpret pc=0x000000000527471c method=java.util.concurrent.ConcurrentLinkedQueue.updateHead(Ljava/util/concurrent/ConcurrentLinkedQueue$Node;Ljava/util/concurrent/ConcurrentLinkedQueue$Node;)V @ 11
Event: 232.625 Thread 0x000000001fe9c800 Uncommon trap: reason=unstable_if action=reinterpret pc=0x0000000004dbc2c0 method=com.android.tools.build.jetifier.processor.archive.ArchiveItem$DefaultImpls.isPomFile(Lcom/android/tools/build/jetifier/processor/archive/ArchiveItem;)Z @ 12
Event: 233.065 Thread 0x000000001b958800 Uncommon trap: reason=unstable_if action=reinterpret pc=0x0000000005577148 method=com.google.common.collect.MapMakerInternalMap$Segment.put(Ljava/lang/Object;ILjava/lang/Object;Z)Ljava/lang/Object; @ 92
Event: 233.066 Thread 0x000000001b958800 Uncommon trap: reason=unstable_if action=reinterpret pc=0x0000000003b1b118 method=com.google.common.collect.MapMakerInternalMap$Segment.getEntry(Ljava/lang/Object;I)Lcom/google/common/collect/MapMakerInternalMap$InternalEntry; @ 40
Event: 233.085 Thread 0x000000001fe9c800 Uncommon trap: reason=class_check action=maybe_recompile pc=0x0000000004fdc77c method=com.sun.org.apache.xerces.internal.parsers.AbstractSAXParser.startNamespaceMapping()V @ 65
Event: 233.104 Thread 0x000000001fe9c800 Uncommon trap: reason=class_check action=maybe_recompile pc=0x00000000044ccd44 method=com.sun.org.apache.xerces.internal.parsers.AbstractSAXParser.endNamespaceMapping()V @ 35
Event: 233.110 Thread 0x000000001fe9c800 Uncommon trap: reason=bimorphic action=maybe_recompile pc=0x000000000357229c method=java.util.regex.Pattern$Slice.match(Ljava/util/regex/Matcher;ILjava/lang/CharSequence;)Z @ 75
Event: 233.110 Thread 0x000000001fe9c800 Uncommon trap: reason=bimorphic action=maybe_recompile pc=0x000000000357229c method=java.util.regex.Pattern$Slice.match(Ljava/util/regex/Matcher;ILjava/lang/CharSequence;)Z @ 75

Classes redefined (0 events):
No events

Internal exceptions (10 events):
Event: 228.093 Thread 0x000000001b958800 Exception <a 'java/lang/NoSuchMethodError': java.lang.Object.lambda$negate$1(Ljava/lang/Object;)Z> (0x00000000e6ed18a8) thrown at [D:\src\AOSP-openjdk-cygwin\jdk8u\hotspot\src\share\vm\interpreter\linkResolver.cpp, line 620]
Event: 231.208 Thread 0x000000001b958800 Exception <a 'java/lang/IncompatibleClassChangeError': Found class java.lang.Object, but interface was expected> (0x00000000e2a424b0) thrown at [D:\src\AOSP-openjdk-cygwin\jdk8u\hotspot\src\share\vm\interpreter\linkResolver.cpp, line 653]
Event: 231.465 Thread 0x000000001b953800 Exception <a 'java/lang/NoSuchMethodError': <clinit>> (0x00000000e000c4f0) thrown at [D:\src\AOSP-openjdk-cygwin\jdk8u\hotspot\src\share\vm\prims\jni.cpp, line 1614]
Event: 231.466 Thread 0x000000001b953800 Exception <a 'java/lang/NoSuchMethodError': <clinit>> (0x00000000e308a748) thrown at [D:\src\AOSP-openjdk-cygwin\jdk8u\hotspot\src\share\vm\prims\jni.cpp, line 1614]
Event: 231.467 Thread 0x000000001b953800 Exception <a 'java/lang/NoSuchMethodError': <clinit>> (0x00000000e3097978) thrown at [D:\src\AOSP-openjdk-cygwin\jdk8u\hotspot\src\share\vm\prims\jni.cpp, line 1614]
Event: 231.480 Thread 0x000000001b953800 Exception <a 'java/lang/NoSuchMethodError': <clinit>> (0x00000000e30a1560) thrown at [D:\src\AOSP-openjdk-cygwin\jdk8u\hotspot\src\share\vm\prims\jni.cpp, line 1614]
Event: 231.496 Thread 0x000000001b953800 Exception <a 'java/lang/NoSuchMethodError': <clinit>> (0x00000000e32eb0f0) thrown at [D:\src\AOSP-openjdk-cygwin\jdk8u\hotspot\src\share\vm\prims\jni.cpp, line 1614]
Event: 231.535 Thread 0x000000001b953800 Exception <a 'java/lang/NoSuchMethodError': <clinit>> (0x00000000e32fa748) thrown at [D:\src\AOSP-openjdk-cygwin\jdk8u\hotspot\src\share\vm\prims\jni.cpp, line 1614]
Event: 231.545 Thread 0x000000001b953800 Exception <a 'java/lang/NoSuchMethodError': <clinit>> (0x00000000e33011f0) thrown at [D:\src\AOSP-openjdk-cygwin\jdk8u\hotspot\src\share\vm\prims\jni.cpp, line 1614]
Event: 233.066 Thread 0x000000001b958800 Implicit null exception at 0x0000000003b1ad77 to 0x0000000003b1b0fd

Events (10 events):
Event: 233.134 Thread 0x0000000016a9c800 flushing nmethod 0x0000000005905690
Event: 233.134 Thread 0x0000000016a9c800 flushing nmethod 0x000000000590dd90
Event: 233.134 Thread 0x0000000016a9c800 flushing nmethod 0x0000000005930f50
Event: 233.134 Thread 0x0000000016a9c800 flushing nmethod 0x000000000593b410
Event: 233.134 Thread 0x0000000016a9c800 flushing nmethod 0x000000000594e9d0
Event: 233.134 Thread 0x0000000016a9c800 flushing nmethod 0x0000000005953910
Event: 233.134 Thread 0x0000000016a9c800 flushing nmethod 0x0000000005956250
Event: 233.134 Thread 0x0000000016a9c800 flushing nmethod 0x000000000598f790
Event: 233.134 Thread 0x0000000016a9c800 flushing nmethod 0x0000000005993a90
Event: 233.134 Thread 0x0000000016a9c800 flushing nmethod 0x00000000059b4810


Dynamic libraries:
0x00007ff789650000 - 0x00007ff789681000 	C:\Program Files\Android\Android Studio\jre\bin\java.exe
0x00007ffcdbac0000 - 0x00007ffcdbcad000 	C:\WINDOWS\SYSTEM32\ntdll.dll
0x00007ffcdb590000 - 0x00007ffcdb643000 	C:\WINDOWS\System32\KERNEL32.DLL
0x00007ffcd8730000 - 0x00007ffcd89c3000 	C:\WINDOWS\System32\KERNELBASE.dll
0x00007ffcd8ea0000 - 0x00007ffcd8f43000 	C:\WINDOWS\System32\ADVAPI32.dll
0x00007ffcda8c0000 - 0x00007ffcda95e000 	C:\WINDOWS\System32\msvcrt.dll
0x00007ffcdb070000 - 0x00007ffcdb10e000 	C:\WINDOWS\System32\sechost.dll
0x00007ffcd8d70000 - 0x00007ffcd8e92000 	C:\WINDOWS\System32\RPCRT4.dll
0x00007ffcda510000 - 0x00007ffcda6a7000 	C:\WINDOWS\System32\USER32.dll
0x00007ffcd7b80000 - 0x00007ffcd7ba0000 	C:\WINDOWS\System32\win32u.dll
0x00007ffcdb6c0000 - 0x00007ffcdb6e9000 	C:\WINDOWS\System32\GDI32.dll
0x00007ffcd8b40000 - 0x00007ffcd8cd9000 	C:\WINDOWS\System32\gdi32full.dll
0x00007ffcd8aa0000 - 0x00007ffcd8b40000 	C:\WINDOWS\System32\msvcp_win.dll
0x00007ffcd7e60000 - 0x00007ffcd7f5a000 	C:\WINDOWS\System32\ucrtbase.dll
0x00007ffccc1a0000 - 0x00007ffccc419000 	C:\WINDOWS\WinSxS\amd64_microsoft.windows.common-controls_6595b64144ccf1df_6.0.17763.864_none_05b3441807210760\COMCTL32.dll
0x00007ffcdb110000 - 0x00007ffcdb43c000 	C:\WINDOWS\System32\combase.dll
0x00007ffcd8a20000 - 0x00007ffcd8a9e000 	C:\WINDOWS\System32\bcryptPrimitives.dll
0x00007ffcd8ce0000 - 0x00007ffcd8d0e000 	C:\WINDOWS\System32\IMM32.DLL
0x0000000068220000 - 0x00000000682f2000 	C:\Program Files\Android\Android Studio\jre\jre\bin\msvcr100.dll
0x0000000068300000 - 0x0000000068b46000 	C:\Program Files\Android\Android Studio\jre\jre\bin\server\jvm.dll
0x00007ffcd9000000 - 0x00007ffcd9008000 	C:\WINDOWS\System32\PSAPI.DLL
0x00007ffcd5d80000 - 0x00007ffcd5d89000 	C:\WINDOWS\SYSTEM32\WSOCK32.dll
0x00007ffcdb650000 - 0x00007ffcdb6bd000 	C:\WINDOWS\System32\WS2_32.dll
0x00007ffccf2c0000 - 0x00007ffccf2e4000 	C:\WINDOWS\SYSTEM32\WINMM.dll
0x00007ffcd4590000 - 0x00007ffcd459a000 	C:\WINDOWS\SYSTEM32\VERSION.dll
0x00007ffccedc0000 - 0x00007ffcceded000 	C:\WINDOWS\SYSTEM32\WINMMBASE.dll
0x00007ffcd89d0000 - 0x00007ffcd8a1a000 	C:\WINDOWS\System32\cfgmgr32.dll
0x00007ffcd4ac0000 - 0x00007ffcd4acf000 	C:\Program Files\Android\Android Studio\jre\jre\bin\verify.dll
0x00007ffcd4a70000 - 0x00007ffcd4a99000 	C:\Program Files\Android\Android Studio\jre\jre\bin\java.dll
0x00007ffcd4340000 - 0x00007ffcd4356000 	C:\Program Files\Android\Android Studio\jre\jre\bin\zip.dll
0x00007ffcd9010000 - 0x00007ffcda504000 	C:\WINDOWS\System32\SHELL32.dll
0x00007ffcdb6f0000 - 0x00007ffcdb798000 	C:\WINDOWS\System32\shcore.dll
0x00007ffcd7f80000 - 0x00007ffcd86cd000 	C:\WINDOWS\System32\windows.storage.dll
0x00007ffcd7ab0000 - 0x00007ffcd7ad4000 	C:\WINDOWS\System32\profapi.dll
0x00007ffcd7b00000 - 0x00007ffcd7b5d000 	C:\WINDOWS\System32\powrprof.dll
0x00007ffcdb8d0000 - 0x00007ffcdb922000 	C:\WINDOWS\System32\shlwapi.dll
0x00007ffcd7b60000 - 0x00007ffcd7b71000 	C:\WINDOWS\System32\kernel.appcore.dll
0x00007ffcd7f60000 - 0x00007ffcd7f77000 	C:\WINDOWS\System32\cryptsp.dll
0x00007ffcd4320000 - 0x00007ffcd433a000 	C:\Program Files\Android\Android Studio\jre\jre\bin\net.dll
0x00007ffcd72c0000 - 0x00007ffcd7327000 	C:\WINDOWS\system32\mswsock.dll
0x00007ffcd4220000 - 0x00007ffcd4231000 	C:\Program Files\Android\Android Studio\jre\jre\bin\nio.dll
0x00007ffcc2800000 - 0x00007ffcc2826000 	C:\Users\user\.gradle\native\29\windows-amd64\native-platform.dll
0x00007ffcd42f0000 - 0x00007ffcd42fd000 	C:\Program Files\Android\Android Studio\jre\jre\bin\management.dll
0x00007ffcd6e40000 - 0x00007ffcd6e73000 	C:\WINDOWS\system32\rsaenh.dll
0x00007ffcd7ba0000 - 0x00007ffcd7bc6000 	C:\WINDOWS\System32\bcrypt.dll
0x00007ffcd79b0000 - 0x00007ffcd79d8000 	C:\WINDOWS\SYSTEM32\USERENV.dll
0x00007ffcd7490000 - 0x00007ffcd749c000 	C:\WINDOWS\SYSTEM32\CRYPTBASE.dll
0x00007ffcd6fe0000 - 0x00007ffcd701d000 	C:\WINDOWS\SYSTEM32\IPHLPAPI.DLL
0x00007ffcdaad0000 - 0x00007ffcdaad8000 	C:\WINDOWS\System32\NSI.dll
0x00007ffcd2e30000 - 0x00007ffcd2e46000 	C:\WINDOWS\SYSTEM32\dhcpcsvc6.DLL
0x00007ffcd2aa0000 - 0x00007ffcd2abc000 	C:\WINDOWS\SYSTEM32\dhcpcsvc.DLL
0x00007ffcd7020000 - 0x00007ffcd70e6000 	C:\WINDOWS\SYSTEM32\DNSAPI.dll
0x00007ffcc2830000 - 0x00007ffcc2854000 	C:\Program Files\Android\Android Studio\jre\jre\bin\sunec.dll
0x00007ffcd23f0000 - 0x00007ffcd23fa000 	C:\Windows\System32\rasadhlp.dll
0x00007ffcd2660000 - 0x00007ffcd26d9000 	C:\WINDOWS\System32\fwpuclnt.dll
0x00007ffcd4090000 - 0x00007ffcd409b000 	C:\Program Files\Android\Android Studio\jre\jre\bin\sunmscapi.dll
0x00007ffcd7bd0000 - 0x00007ffcd7dab000 	C:\WINDOWS\System32\CRYPT32.dll
0x00007ffcd7ae0000 - 0x00007ffcd7af2000 	C:\WINDOWS\System32\MSASN1.dll

VM Arguments:
jvm_args: -Xmx1536m -Dfile.encoding=x-windows-949 -Duser.country=KR -Duser.language=ko -Duser.variant 
java_command: org.gradle.launcher.daemon.bootstrap.GradleDaemon 5.4.1
java_class_path (initial): C:\Users\user\.gradle\wrapper\dists\gradle-5.4.1-all\3221gyojl5jsh0helicew7rwx\gradle-5.4.1\lib\gradle-launcher-5.4.1.jar
Launcher Type: SUN_STANDARD

Environment Variables:
PATH=C:\WINDOWS\system32;C:\WINDOWS;C:\WINDOWS\System32\Wbem;C:\WINDOWS\System32\WindowsPowerShell\v1.0\;C:\WINDOWS\System32\OpenSSH\;C:\Program Files (x86)\NVIDIA Corporation\PhysX\Common;C:\Program Files\NVIDIA Corporation\NVIDIA NvDLISR;C:\Program Files\Git\cmd;C:\Users\user\AppData\Local\Microsoft\WindowsApps
USERNAME=JH.Kim
OS=Windows_NT
PROCESSOR_IDENTIFIER=Intel64 Family 6 Model 58 Stepping 9, GenuineIntel



---------------  S Y S T E M  ---------------

OS: Windows 10.0 , 64 bit Build 17763 (10.0.17763.475)

CPU:total 4 (initial active 4) (4 cores per cpu, 1 threads per core) family 6 model 58 stepping 9, cmov, cx8, fxsr, mmx, sse, sse2, sse3, ssse3, sse4.1, sse4.2, popcnt, avx, aes, clmul, erms, tsc, tscinvbit, tscinv

Memory: 4k page, physical 8370844k(1834264k free), swap 8370844k(7268k free)

vm_info: OpenJDK 64-Bit Server VM (25.202-b03) for windows-amd64 JRE (1.8.0_202-release-1483-b03), built by "builder" with MS VC++ 10.0 (VS2010)

time: Sat Nov 16 17:47:26 2019
timezone: 대한민국 표준시
elapsed time: 233 seconds (0d 0h 3m 53s)

